<?xml version="1.0" encoding="UTF-8"?>
<!-- Generated by org.testng.reporters.JUnitReportReporter -->
<testsuite hostname="SRK-PC" failures="0" tests="2" name="tests.LoginPageTest" time="6.729" errors="0" timestamp="2024-04-19T15:51:28 IST" skipped="0">
  <testcase classname="tests.LoginPageTest" name="loginApplication" time="3.345"/>
  <system-out/>
  <testcase classname="tests.LoginPageTest" name="clickButton" time="3.384"/>
  <system-out/>
</testsuite> <!-- tests.LoginPageTest -->
